2026-04-15 16:59:39,306 INFO HRV IAAFT calibration — 5 records × 20 surrogates — scale=(32, 1024) q=[-5.0..5.0]
2026-04-15 16:59:39,306 INFO === nsr001 ===
2026-04-15 16:59:40,648 INFO GET https://physionet.org/content/nsr2db/1.0.0/: 200 0-None/None
2026-04-15 16:59:40,918 INFO GET https://physionet.org/files/nsr2db/1.0.0/nsr001.ecg: 200 0-213678/213678
2026-04-15 16:59:42,413 INFO GET https://physionet.org/files/nsr2db/1.0.0/nsr001.hea: 200 0-33/33
2026-04-15 16:59:42,424 INFO   n_rr=20000 → uniform 4 Hz n=50998
2026-04-15 16:59:57,455 INFO   h(q=2)=1.0178  Δh=0.4605  Δh_IAAFT_med=0.2528  sep=-0.2077  nonlinear=False
2026-04-15 16:59:57,455 INFO === nsr002 ===
2026-04-15 16:59:58,220 INFO GET https://physionet.org/content/nsr2db/1.0.0/: 200 0-None/None
2026-04-15 16:59:58,476 INFO GET https://physionet.org/files/nsr2db/1.0.0/nsr002.ecg: 200 0-222782/222782
2026-04-15 17:00:00,422 INFO GET https://physionet.org/files/nsr2db/1.0.0/nsr002.hea: 200 0-33/33
2026-04-15 17:00:00,432 INFO   n_rr=20000 → uniform 4 Hz n=54800
2026-04-15 17:00:12,784 INFO   h(q=2)=0.7549  Δh=1.1353  Δh_IAAFT_med=0.7154  sep=-0.4199  nonlinear=False
2026-04-15 17:00:12,784 INFO === nsr003 ===
2026-04-15 17:00:13,464 INFO GET https://physionet.org/content/nsr2db/1.0.0/: 200 0-None/None
2026-04-15 17:00:13,812 INFO GET https://physionet.org/files/nsr2db/1.0.0/nsr003.ecg: 200 0-195778/195778
2026-04-15 17:00:15,741 INFO GET https://physionet.org/files/nsr2db/1.0.0/nsr003.hea: 200 0-33/33
2026-04-15 17:00:15,750 INFO   n_rr=20000 → uniform 4 Hz n=68977
2026-04-15 17:00:39,085 INFO   h(q=2)=0.6718  Δh=0.7535  Δh_IAAFT_med=0.5595  sep=-0.1940  nonlinear=False
2026-04-15 17:00:39,085 INFO === nsr004 ===
2026-04-15 17:00:39,850 INFO GET https://physionet.org/content/nsr2db/1.0.0/: 200 0-None/None
2026-04-15 17:00:40,117 INFO GET https://physionet.org/files/nsr2db/1.0.0/nsr004.ecg: 200 0-195694/195694
2026-04-15 17:00:41,678 INFO GET https://physionet.org/files/nsr2db/1.0.0/nsr004.hea: 200 0-33/33
2026-04-15 17:00:41,689 INFO   n_rr=20000 → uniform 4 Hz n=62391
2026-04-15 17:01:01,411 INFO   h(q=2)=0.9615  Δh=0.6538  Δh_IAAFT_med=0.4291  sep=-0.2247  nonlinear=False
2026-04-15 17:01:01,411 INFO === nsr005 ===
2026-04-15 17:01:02,192 INFO GET https://physionet.org/content/nsr2db/1.0.0/: 200 0-None/None
2026-04-15 17:01:02,433 INFO GET https://physionet.org/files/nsr2db/1.0.0/nsr005.ecg: 200 0-234602/234602
2026-04-15 17:01:04,421 INFO GET https://physionet.org/files/nsr2db/1.0.0/nsr005.hea: 200 0-33/33
2026-04-15 17:01:04,432 INFO   n_rr=20000 → uniform 4 Hz n=48980
2026-04-15 17:01:15,729 INFO   h(q=2)=0.7371  Δh=1.0122  Δh_IAAFT_med=0.6298  sep=-0.3824  nonlinear=False
2026-04-15 17:01:15,729 INFO ============================================================
2026-04-15 17:01:15,730 INFO [STEP-1 VERDICT] CALIBRATION_FAIL
2026-04-15 17:01:15,730 INFO   sep_HRV = -0.286 ± 0.095  (threshold 0.05)
2026-04-15 17:01:15,730 INFO   sep_EEG_ref = 0.020  (PR #124)
2026-04-15 17:01:15,730 INFO   Δ(sep_HRV − sep_EEG) = -0.306
2026-04-15 17:01:15,730 INFO   sep_HRV = -0.286 ± 0.095 < 0.05. Our MFDFA+IAAFT pipeline cannot detect HRV nonlinearity. STOP: both EEG and HRV FAIL_LINEAR are likely pipeline artefacts. Do NOT run B1. Review mfdfa Q range, scale window, iteration count.
2026-04-15 17:01:15,730 INFO   Output: evidence/replications/hrv_iaaft_calibration/results.json
2026-04-15 17:01:15,730 INFO ============================================================
