2026-04-15 19:52:10,552 INFO NULL-SCREEN-v1.1 runner — start
2026-04-15 19:52:10,678 INFO preflight: OK — preflight OK
2026-04-15 19:52:10,678 INFO building fixtures …
2026-04-15 19:52:10,691 INFO fetching 5 NSR2DB records …
2026-04-15 19:52:12,343 INFO GET https://physionet.org/content/nsr2db/1.0.0/: 200 0-None/None
2026-04-15 19:52:12,640 INFO GET https://physionet.org/files/nsr2db/1.0.0/RECORDS: 200 0-378/378
2026-04-15 19:52:13,646 INFO GET https://physionet.org/content/nsr2db/1.0.0/: 200 0-None/None
2026-04-15 19:52:14,251 INFO GET https://physionet.org/files/nsr2db/1.0.0/nsr001.ecg: 200 0-213678/213678
2026-04-15 19:52:24,284 INFO GET https://physionet.org/files/nsr2db/1.0.0/nsr001.hea: 200 0-33/33
2026-04-15 19:52:25,382 INFO GET https://physionet.org/content/nsr2db/1.0.0/: 200 0-None/None
2026-04-15 19:52:26,177 INFO GET https://physionet.org/files/nsr2db/1.0.0/nsr002.ecg: 200 0-222782/222782
2026-04-15 19:52:40,612 INFO GET https://physionet.org/files/nsr2db/1.0.0/nsr002.hea: 200 0-33/33
2026-04-15 19:52:41,675 INFO GET https://physionet.org/content/nsr2db/1.0.0/: 200 0-None/None
2026-04-15 19:52:43,757 INFO GET https://physionet.org/files/nsr2db/1.0.0/nsr003.ecg: 200 0-195778/195778
2026-04-15 19:52:54,687 INFO GET https://physionet.org/files/nsr2db/1.0.0/nsr003.hea: 200 0-33/33
2026-04-15 19:52:55,856 INFO GET https://physionet.org/content/nsr2db/1.0.0/: 200 0-None/None
2026-04-15 19:52:56,918 INFO GET https://physionet.org/files/nsr2db/1.0.0/nsr004.ecg: 200 0-195694/195694
2026-04-15 19:53:08,948 INFO GET https://physionet.org/files/nsr2db/1.0.0/nsr004.hea: 200 0-33/33
2026-04-15 19:53:10,645 INFO GET https://physionet.org/content/nsr2db/1.0.0/: 200 0-None/None
2026-04-15 19:53:11,817 INFO GET https://physionet.org/files/nsr2db/1.0.0/nsr005.ecg: 200 0-234602/234602
2026-04-15 19:53:21,976 INFO GET https://physionet.org/files/nsr2db/1.0.0/nsr005.hea: 200 0-33/33
2026-04-15 19:53:21,984 INFO === family: constrained_randomization ===
2026-04-15 19:53:21,984 INFO   linear_synth white_noise …
2026-04-15 19:53:28,082 INFO     sep=-0.009  psd=0.061  acf=0.001  std_dh=0.023  to=False
2026-04-15 19:53:28,083 INFO   linear_synth pink_fgn_H07 …
2026-04-15 19:53:40,198 INFO     sep=-0.017  psd=0.054  acf=0.001  std_dh=0.024  to=False
2026-04-15 19:53:40,198 INFO   linear_synth phase_rand_1f …
2026-04-15 19:54:43,084 INFO     sep=-0.060  psd=0.131  acf=0.007  std_dh=0.034  to=False
2026-04-15 19:54:43,084 INFO   nonlinear_synth binomial_cascade_p03 …
2026-04-15 19:55:44,962 INFO     sep=+0.285  psd=4.167  acf=0.297  std_dh=0.040  to=False
2026-04-15 19:55:44,962 INFO   nonlinear_synth hrv_like_nonlinear …
2026-04-15 19:56:46,508 INFO     sep=+0.024  psd=0.178  acf=0.010  std_dh=0.025  to=False
2026-04-15 19:56:46,508 INFO   real nsr001 (n=4096) …
2026-04-15 19:57:49,632 INFO     sep=+0.417  psd=3.382  acf=0.109  std_dh=0.020  to=False
2026-04-15 19:57:49,632 INFO   real nsr002 (n=4096) …
2026-04-15 19:58:51,575 INFO     sep=+0.282  psd=4.032  acf=0.125  std_dh=0.045  to=False
2026-04-15 19:58:51,575 INFO   real nsr003 (n=4096) …
2026-04-15 19:59:54,812 INFO     sep=+0.110  psd=4.011  acf=0.222  std_dh=0.064  to=False
2026-04-15 19:59:54,812 INFO   real nsr004 (n=4096) …
2026-04-15 20:00:57,783 INFO     sep=+0.275  psd=3.964  acf=0.079  std_dh=0.049  to=False
2026-04-15 20:00:57,783 INFO   real nsr005 (n=4096) …
2026-04-15 20:02:00,913 INFO     sep=+0.447  psd=3.041  acf=0.041  std_dh=0.050  to=False
2026-04-15 20:02:01,528 INFO   constrained_randomization => REJECT  fails=24
2026-04-15 20:02:01,528 INFO === family: wavelet_phase ===
2026-04-15 20:02:01,528 INFO   linear_synth white_noise …
2026-04-15 20:02:02,176 INFO     sep=-0.130  psd=0.640  acf=0.050  std_dh=0.004  to=False
2026-04-15 20:02:02,176 INFO   linear_synth pink_fgn_H07 …
2026-04-15 20:02:02,824 INFO     sep=-0.147  psd=0.650  acf=0.122  std_dh=0.007  to=False
2026-04-15 20:02:02,824 INFO   linear_synth phase_rand_1f …
2026-04-15 20:02:03,471 INFO     sep=-0.081  psd=0.650  acf=0.333  std_dh=0.012  to=False
2026-04-15 20:02:03,471 INFO   nonlinear_synth binomial_cascade_p03 …
2026-04-15 20:02:04,116 INFO     sep=-0.106  psd=0.555  acf=0.001  std_dh=0.053  to=False
2026-04-15 20:02:04,116 INFO   nonlinear_synth hrv_like_nonlinear …
2026-04-15 20:02:04,762 INFO     sep=+0.212  psd=0.652  acf=0.393  std_dh=0.014  to=False
2026-04-15 20:02:04,762 INFO   real nsr001 (n=4096) …
2026-04-15 20:02:05,412 INFO     sep=+0.274  psd=1.796  acf=0.174  std_dh=0.011  to=False
2026-04-15 20:02:05,412 INFO   real nsr002 (n=4096) …
2026-04-15 20:02:06,057 INFO     sep=+0.282  psd=2.112  acf=0.220  std_dh=0.011  to=False
2026-04-15 20:02:06,057 INFO   real nsr003 (n=4096) …
2026-04-15 20:02:06,706 INFO     sep=+0.586  psd=1.603  acf=0.518  std_dh=0.012  to=False
2026-04-15 20:02:06,706 INFO   real nsr004 (n=4096) …
2026-04-15 20:02:07,352 INFO     sep=+0.375  psd=2.003  acf=0.304  std_dh=0.016  to=False
2026-04-15 20:02:07,352 INFO   real nsr005 (n=4096) …
2026-04-15 20:02:07,998 INFO     sep=+0.588  psd=1.799  acf=0.379  std_dh=0.013  to=False
2026-04-15 20:02:08,057 INFO   wavelet_phase => REJECT  fails=24
2026-04-15 20:02:08,057 INFO === family: linear_matched ===
2026-04-15 20:02:08,057 INFO   linear_synth white_noise …
2026-04-15 20:02:08,736 INFO     sep=-0.027  psd=0.111  acf=0.021  std_dh=0.020  to=False
2026-04-15 20:02:08,736 INFO   linear_synth pink_fgn_H07 …
2026-04-15 20:02:09,420 INFO     sep=-0.007  psd=0.194  acf=0.060  std_dh=0.020  to=False
2026-04-15 20:02:09,421 INFO   linear_synth phase_rand_1f …
2026-04-15 20:02:10,098 INFO     sep=+0.017  psd=0.646  acf=0.413  std_dh=0.020  to=False
2026-04-15 20:02:10,098 INFO   nonlinear_synth binomial_cascade_p03 …
2026-04-15 20:02:10,771 INFO     sep=+0.226  psd=1.640  acf=0.040  std_dh=0.064  to=False
2026-04-15 20:02:10,771 INFO   nonlinear_synth hrv_like_nonlinear …
2026-04-15 20:02:11,447 INFO     sep=+0.219  psd=0.704  acf=0.290  std_dh=0.020  to=False
2026-04-15 20:02:11,447 INFO   real nsr001 (n=4096) …
2026-04-15 20:02:12,122 INFO     sep=+0.437  psd=3.829  acf=0.766  std_dh=0.020  to=False
2026-04-15 20:02:12,122 INFO   real nsr002 (n=4096) …
2026-04-15 20:02:12,797 INFO     sep=+0.330  psd=4.389  acf=0.696  std_dh=0.020  to=False
2026-04-15 20:02:12,797 INFO   real nsr003 (n=4096) …
2026-04-15 20:02:13,475 INFO     sep=-0.269  psd=163.898  acf=0.389  std_dh=0.180  to=False
2026-04-15 20:02:13,475 INFO   real nsr004 (n=4096) …
2026-04-15 20:02:14,151 INFO     sep=-0.841  psd=22.618  acf=0.829  std_dh=0.099  to=False
2026-04-15 20:02:14,151 INFO   real nsr005 (n=4096) …
2026-04-15 20:02:14,826 INFO     sep=-0.569  psd=226.797  acf=0.518  std_dh=0.251  to=False
2026-04-15 20:02:14,888 INFO   linear_matched => REJECT  fails=30
2026-04-15 20:02:14,889 INFO ============================================================
2026-04-15 20:02:14,889 INFO [VERDICT] NO_ADMISSIBLE_NULL_FOUND
2026-04-15 20:02:14,889 INFO   chosen: —
2026-04-15 20:02:14,889 INFO   Output: evidence/replications/hrv_null_screening/null_screening_results.json
